{"error":{},"level":"error","message":"Admin dashboard error: Cannot read properties of undefined (reading 'count')","timestamp":"2025-03-04T15:11:44.648Z"}
{"error":{},"level":"error","message":"Admin dashboard error: Cannot read properties of undefined (reading 'count')","timestamp":"2025-03-04T15:11:57.513Z"}
{"error":{"clientVersion":"6.4.1","code":"P5010","meta":{"modelName":"Student"},"name":"PrismaClientKnownRequestError"},"level":"error","message":"Admin dashboard error: \nInvalid `prisma.student.count()` invocation:\n\n\nCannot fetch data from service:\nfetch failed","timestamp":"2025-03-04T15:12:37.928Z"}
{"error":{"clientVersion":"6.4.1","code":"P5010","meta":{"modelName":"Student"},"name":"PrismaClientKnownRequestError"},"level":"error","message":"Admin dashboard error: \nInvalid `prisma.student.count()` invocation:\n\n\nCannot fetch data from service:\nfetch failed","timestamp":"2025-03-04T15:13:24.047Z"}
{"level":"warn","message":"API Error: Validation failed: Expected string, received date","status":400,"timestamp":"2025-03-04T18:12:29.374Z"}
{"level":"info","message":"Registering student with ID: STU-636633AD","timestamp":"2025-03-04T18:18:44.797Z"}
{"error":{"clientVersion":"6.4.1","name":"PrismaClientValidationError"},"level":"error","message":"Unexpected Error: \nInvalid `prisma.student.create()` invocation:\n\n{\n  data: {\n    studentId: \"STU-636633AD\",\n    dateOfBirth: \"2000-09-12\",\n                 ~~~~~~~~~~~~\n    gender: \"Male\",\n    address: \"123 Main Road\",\n    emergencyContact: \"+1 656 871-1919\",\n    medicalInfo: \"None\",\n    user: {\n      create: {\n        email: \"james@mail.com\",\n        passwordHash: \"$2b$10$MtaBaeIhbQzux.WrnnDoBuL1tLthTi1kkziHS1r54t5u3yvLPTaH.\",\n        role: \"STUDENT\",\n        firstName: \"James\",\n        lastName: \"Kay\",\n        phoneNumber: \"+1 656 161-1919\"\n      }\n    },\n    schoolId: \"550e8400-e29b-41d4-a716-446655440000\",\n    documents: {\n      create: []\n    }\n  }\n}\n\nInvalid value for argument `dateOfBirth`: premature end of input. Expected ISO-8601 DateTime.","timestamp":"2025-03-04T18:18:45.332Z"}
{"level":"warn","message":"API Error: Validation failed: Expected string, received date","status":400,"timestamp":"2025-03-04T18:21:45.094Z"}
{"level":"info","message":"Registering student with ID: STU-7C7ACFD6","timestamp":"2025-03-04T18:23:37.053Z"}
{"level":"info","message":"Registering student with ID: STU-D4A29D09","timestamp":"2025-03-04T19:03:52.077Z"}
{"error":{"inner":{"inner":null,"message":"IndexedDB API missing. Please visit https://tinyurl.com/y2uuvskb","name":"MissingAPIError"},"message":"MissingAPIError IndexedDB API missing. Please visit https://tinyurl.com/y2uuvskb","name":"DatabaseClosedError"},"level":"error","message":"Failed to add to sync queue: MissingAPIError IndexedDB API missing. Please visit https://tinyurl.com/y2uuvskb","timestamp":"2025-03-04T19:03:57.633Z"}
{"error":{"name":"ApiError","status":500},"level":"error","message":"Failed to register student STU-D4A29D09: Failed to queue sync operation: MissingAPIError IndexedDB API missing. Please visit https://tinyurl.com/y2uuvskb","timestamp":"2025-03-04T19:03:57.637Z"}
{"level":"warn","message":"API Error: Failed to register student: Failed to queue sync operation: MissingAPIError IndexedDB API missing. Please visit https://tinyurl.com/y2uuvskb","status":500,"timestamp":"2025-03-04T19:03:57.639Z"}
{"error":{"name":"ApiError","status":403},"level":"error","message":"Failed to fetch students: Unauthorized","timestamp":"2025-03-05T06:10:29.396Z"}
{"error":{"name":"ApiError","status":403},"level":"error","message":"Failed to fetch students: Unauthorized","timestamp":"2025-03-05T06:10:36.105Z"}
{"error":{"name":"ApiError","status":403},"level":"error","message":"Failed to fetch students: Unauthorized","timestamp":"2025-03-05T06:10:42.472Z"}
{"error":{"name":"ApiError","status":403},"level":"error","message":"Failed to fetch students: Unauthorized","timestamp":"2025-03-05T06:11:08.278Z"}
{"error":{"name":"ApiError","status":403},"level":"error","message":"Failed to fetch students: Unauthorized","timestamp":"2025-03-05T06:11:33.901Z"}
{"error":{"name":"ApiError","status":403},"level":"error","message":"Failed to fetch students: Unauthorized","timestamp":"2025-03-05T06:12:59.468Z"}
{"error":{"name":"ApiError","status":403},"level":"error","message":"Failed to fetch students: Unauthorized","timestamp":"2025-03-05T06:14:39.771Z"}
{"error":{"name":"ApiError","status":403},"level":"error","message":"Failed to fetch students: Unauthorized","timestamp":"2025-03-05T06:21:18.259Z"}
{"error":{"name":"ApiError","status":403},"level":"error","message":"Failed to fetch students: Unauthorized","timestamp":"2025-03-05T06:21:29.155Z"}
{"error":{"name":"ApiError","status":403},"level":"error","message":"Failed to fetch students: Unauthorized","timestamp":"2025-03-05T06:21:34.490Z"}
{"error":{"name":"ApiError","status":403},"level":"error","message":"Failed to fetch students: Unauthorized","timestamp":"2025-03-05T06:21:55.693Z"}
{"error":{"name":"ApiError","status":403},"level":"error","message":"Failed to fetch students: Unauthorized","timestamp":"2025-03-05T06:22:37.043Z"}
{"level":"info","message":"Created school 5d8c7a2b-4d73-49e8-8817-dc83f9ba0c18: Shule one","timestamp":"2025-03-05T08:05:41.762Z"}
{"level":"info","message":"Created school 13eb1ea1-67f5-4288-a382-23fe7df34133: Shule one","timestamp":"2025-03-05T08:16:07.434Z"}
{"body":{"address":"102 Main Road","city":"Nairobi","country":"Kenya","email":"shuletwo@gmail.com","name":"Shule twos","phone":"+25470929292","state":"Central Province","website":"https://stackoverflow.com/questions/76328918/allow-empty-string-as-defaultvalue-but-reject-on-validation-with-zod-react-hook","zipCode":"20102"},"level":"info","message":"Updating school with ID: 13eb1ea1-67f5-4288-a382-23fe7df34133","timestamp":"2025-03-05T08:27:50.597Z"}
{"level":"info","message":"Updated school 13eb1ea1-67f5-4288-a382-23fe7df34133: Shule twos","timestamp":"2025-03-05T08:27:55.101Z"}
{"level":"info","message":"Deleting school with ID: 13eb1ea1-67f5-4288-a382-23fe7df34133","timestamp":"2025-03-05T08:28:45.270Z"}
{"level":"info","message":"Deleted school 13eb1ea1-67f5-4288-a382-23fe7df34133","timestamp":"2025-03-05T08:28:50.465Z"}
{"level":"info","message":"Created school 98278504-5266-428b-8327-28d2c221894e: Shule two","timestamp":"2025-03-05T08:47:41.844Z"}
{"body":{"address":"102 Main Road","city":"Nairobi","country":"Kenya","email":"shuletwo@gmail.com","name":"Shule two","phone":"+25470929292","state":"Central Province","website":"https://shuleone.edu","zipCode":"20100"},"level":"info","message":"Updating school with ID: 98278504-5266-428b-8327-28d2c221894e","timestamp":"2025-03-05T08:49:41.825Z"}
{"body":{"address":"102 Main Road","city":"Nairobi","country":"Kenya","email":"shuletwo@gmail.com","name":"Shule two","phone":"+25470929292","state":"Central Province","website":"https://shuleone.edu","zipCode":null},"level":"info","message":"Updating school with ID: 98278504-5266-428b-8327-28d2c221894e","timestamp":"2025-03-05T08:49:45.271Z"}
{"error":{"clientVersion":"6.4.1","name":"PrismaClientValidationError"},"level":"error","message":"Failed to update school: \nInvalid `prisma.school.update()` invocation:\n\n{\n  where: {\n    id: \"98278504-5266-428b-8327-28d2c221894e\"\n  },\n  data: {\n    name: \"Shule two\",\n    address: \"102 Main Road\",\n    city: \"Nairobi\",\n    state: \"Central Province\",\n    country: \"Kenya\",\n    phone: \"+25470929292\",\n    email: \"shuletwo@gmail.com\",\n    website: \"https://shuleone.edu\",\n    updatedAt: new Date(\"2025-03-05T08:49:45.273Z\"),\n+   zipCode: String\n  }\n}\n\nArgument `zipCode` must not be null.","timestamp":"2025-03-05T08:49:47.546Z"}
{"level":"info","message":"Updated school 98278504-5266-428b-8327-28d2c221894e: Shule two","timestamp":"2025-03-05T08:49:48.380Z"}
{"body":{"address":"102 Main Road","city":"Nairobi","country":"Kenya","email":"shuletwoemailgmailaddress@gmail.com","name":"Shule two","phone":"+25470929292","state":"Central Province","website":"https://shuleone.edu","zipCode":null},"level":"info","message":"Updating school with ID: 98278504-5266-428b-8327-28d2c221894e","timestamp":"2025-03-05T08:50:15.506Z"}
{"error":{"clientVersion":"6.4.1","name":"PrismaClientValidationError"},"level":"error","message":"Failed to update school: \nInvalid `prisma.school.update()` invocation:\n\n{\n  where: {\n    id: \"98278504-5266-428b-8327-28d2c221894e\"\n  },\n  data: {\n    name: \"Shule two\",\n    address: \"102 Main Road\",\n    city: \"Nairobi\",\n    state: \"Central Province\",\n    country: \"Kenya\",\n    phone: \"+25470929292\",\n    email: \"shuletwoemailgmailaddress@gmail.com\",\n    website: \"https://shuleone.edu\",\n    updatedAt: new Date(\"2025-03-05T08:50:15.507Z\"),\n+   zipCode: String\n  }\n}\n\nArgument `zipCode` must not be null.","timestamp":"2025-03-05T08:50:20.034Z"}
{"body":{"address":"102 Main Road","city":"Nairobi","country":"Kenya","email":"shuletwoemailgmailaddress@gmail.com","name":"Shule two","phone":"+25470929292","state":"Central Province","website":"https://shuleone.edu","zipCode":null},"level":"info","message":"Updating school with ID: 98278504-5266-428b-8327-28d2c221894e","timestamp":"2025-03-05T09:02:22.881Z"}
{"error":{"clientVersion":"6.4.1","name":"PrismaClientValidationError"},"level":"error","message":"Failed to update school: \nInvalid `prisma.school.update()` invocation:\n\n{\n  where: {\n    id: \"98278504-5266-428b-8327-28d2c221894e\"\n  },\n  data: {\n    name: \"Shule two\",\n    address: \"102 Main Road\",\n    city: \"Nairobi\",\n    state: \"Central Province\",\n    country: \"Kenya\",\n    phone: \"+25470929292\",\n    email: \"shuletwoemailgmailaddress@gmail.com\",\n    website: \"https://shuleone.edu\",\n    updatedAt: new Date(\"2025-03-05T09:02:22.886Z\"),\n+   zipCode: String\n  }\n}\n\nArgument `zipCode` must not be null.","timestamp":"2025-03-05T09:02:26.672Z"}
{"body":{"address":"102 Main Road","city":"Nairobi","country":"Kenya","email":"shuletwoemailgmailaddress@gmail.com","name":"Shule two","phone":"+25470929292","state":"Central Province","website":"https://shuleone.edu","zipCode":null},"level":"info","message":"Updating school with ID: 98278504-5266-428b-8327-28d2c221894e","timestamp":"2025-03-05T09:10:01.573Z"}
{"error":{"clientVersion":"6.4.1","name":"PrismaClientValidationError"},"level":"error","message":"Failed to update school: \nInvalid `prisma.school.update()` invocation:\n\n{\n  where: {\n    id: \"98278504-5266-428b-8327-28d2c221894e\"\n  },\n  data: {\n    name: \"Shule two\",\n    address: \"102 Main Road\",\n    city: \"Nairobi\",\n    state: \"Central Province\",\n    country: \"Kenya\",\n    phone: \"+25470929292\",\n    email: \"shuletwoemailgmailaddress@gmail.com\",\n    website: \"https://shuleone.edu\",\n    updatedAt: new Date(\"2025-03-05T09:10:01.581Z\"),\n+   zipCode: String\n  }\n}\n\nArgument `zipCode` must not be null.","timestamp":"2025-03-05T09:10:03.388Z"}
{"body":{"address":"102 Main Road","city":"Nairobi","country":"Kenya","email":"shuletwoemailgmailaddress@gmail.com","name":"Shule two","phone":"+25470929292","state":"Central Province","website":"https://shuleone.edu","zipCode":null},"level":"info","message":"Updating school with ID: 98278504-5266-428b-8327-28d2c221894e","timestamp":"2025-03-05T09:15:00.636Z"}
{"error":{"clientVersion":"6.4.1","name":"PrismaClientValidationError"},"level":"error","message":"Failed to update school: \nInvalid `prisma.school.update()` invocation:\n\n{\n  where: {\n    id: \"98278504-5266-428b-8327-28d2c221894e\"\n  },\n  data: {\n    name: \"Shule two\",\n    address: \"102 Main Road\",\n    city: \"Nairobi\",\n    state: \"Central Province\",\n    country: \"Kenya\",\n    phone: \"+25470929292\",\n    email: \"shuletwoemailgmailaddress@gmail.com\",\n    website: \"https://shuleone.edu\",\n    updatedAt: new Date(\"2025-03-05T09:15:00.647Z\"),\n+   zipCode: String\n  }\n}\n\nArgument `zipCode` must not be null.","timestamp":"2025-03-05T09:15:09.562Z"}
{"level":"info","message":"Deleting school with ID: 5d8c7a2b-4d73-49e8-8817-dc83f9ba0c18","timestamp":"2025-03-05T09:18:46.739Z"}
{"level":"info","message":"Deleted school 5d8c7a2b-4d73-49e8-8817-dc83f9ba0c18","timestamp":"2025-03-05T09:18:52.132Z"}
{"level":"info","message":"Updated school 98278504-5266-428b-8327-28d2c221894e: Shule two updated","timestamp":"2025-03-05T14:34:44.738Z"}
{"level":"info","message":"Created school 707402f0-0a16-4c89-8f1d-947fce8349c6: Greenwood High","timestamp":"2025-03-05T15:55:30.492Z"}
{"level":"info","message":"Created school d4685dfa-abc1-4517-a6b0-c4981af9d73b: Riverside Academy","timestamp":"2025-03-05T15:55:30.931Z"}
{"level":"info","message":"Created school 66ee0945-7a46-4cab-8cf9-8ca3dae49aea: Sunrise School","timestamp":"2025-03-05T15:55:31.290Z"}
{"level":"info","message":"Created school 986a183e-1ad1-43c1-b0f9-a1444ea33de8: Greenwood High","timestamp":"2025-03-05T16:11:03.726Z"}
{"level":"info","message":"Created school e47854d7-0fd3-4379-835e-ba5ee7f051c8: Riverside Academy","timestamp":"2025-03-05T16:11:04.105Z"}
{"level":"info","message":"Created school 037a5006-071a-49d1-9d84-db5ac559b4cb: Sunrise School","timestamp":"2025-03-05T16:11:04.908Z"}
{"level":"info","message":"Created school bd4ad2a4-d57c-4d1b-b4bc-a266d0feb369: Greenwood High","timestamp":"2025-03-05T16:11:16.464Z"}
{"level":"info","message":"Created school 2c7dda24-0736-45a4-b6e2-b4f9b54f2007: Riverside Academy","timestamp":"2025-03-05T16:11:17.006Z"}
{"level":"info","message":"Created school d0a64ee3-2912-4473-92f6-f6000c8f347b: Sunrise School","timestamp":"2025-03-05T16:11:17.336Z"}
{"level":"info","message":"Created school 47f95cdc-b044-473e-bef4-79c230a2779c: Greenwood High","timestamp":"2025-03-05T16:15:37.383Z"}
{"level":"info","message":"Created school c83edfe5-05f5-4c2b-a820-233d0f3a779b: Riverside Academy","timestamp":"2025-03-05T16:15:38.164Z"}
{"level":"info","message":"Created school 09c8553d-dca2-467f-a94a-b3b933622264: Sunrise School","timestamp":"2025-03-05T16:15:38.505Z"}
{"level":"info","message":"Created school f06422a2-9695-4ee5-b209-53d07d8f31bf: Greenwood High","timestamp":"2025-03-05T16:15:39.430Z"}
{"level":"info","message":"Created school 87e816f1-1827-4c52-896f-9748a1b67371: Riverside Academy","timestamp":"2025-03-05T16:15:44.352Z"}
{"level":"info","message":"Created school 5c666c99-7b44-485f-ac49-9b0e13d54a40: Sunrise School","timestamp":"2025-03-05T16:15:49.362Z"}
{"level":"info","message":"Created school 4dc36635-4e9d-459a-8608-f468790e55d1: Greenwood High","timestamp":"2025-03-05T16:15:49.806Z"}
{"level":"info","message":"Created school 805beb46-d983-438f-8a42-6d8f66206ff4: Riverside Academy","timestamp":"2025-03-05T16:15:50.142Z"}
{"level":"info","message":"Created school 6547df73-53aa-4f2e-b8d8-2a8dd5cf5895: Sunrise School","timestamp":"2025-03-05T16:15:50.486Z"}
{"level":"info","message":"Created school a0aec58f-cb53-4efc-ba5d-f1e58735f2c6: Greenwood High","timestamp":"2025-03-05T16:15:53.142Z"}
{"level":"info","message":"Created school 829812af-92af-4818-bda3-6050a3336175: Riverside Academy","timestamp":"2025-03-05T16:15:53.491Z"}
{"level":"info","message":"Created school 0670ba71-7645-4d62-82ea-dcc2e67afd25: Sunrise School","timestamp":"2025-03-05T16:15:53.840Z"}
{"level":"info","message":"Created school a0f241e1-4232-43a3-bbce-92a86d55a8cb: Greenwood High","timestamp":"2025-03-05T16:15:58.370Z"}
{"level":"info","message":"Created school 1aab271e-f913-49db-8f10-e6306fa410b9: Riverside Academy","timestamp":"2025-03-05T16:16:02.856Z"}
{"level":"info","message":"Created school eb40062b-b422-45f0-a453-73ed8d24d801: Sunrise School","timestamp":"2025-03-05T16:16:03.284Z"}
{"level":"info","message":"Created school 227bf80f-9c93-43e3-b1ab-6c316dc63bc3: Greenwood High","timestamp":"2025-03-05T16:16:04.468Z"}
{"level":"info","message":"Created school f83c270d-3aa7-43a5-8789-295a419893e7: Riverside Academy","timestamp":"2025-03-05T16:16:04.824Z"}
{"level":"info","message":"Created school acb19473-5e18-42cd-9657-e1bf952b81b5: Sunrise School","timestamp":"2025-03-05T16:16:05.194Z"}
{"level":"info","message":"Created school 6ef04ba6-96b9-4c8f-9374-dbea601c148b: Greenwood High","timestamp":"2025-03-05T16:16:07.639Z"}
{"level":"info","message":"Created school 17a38da5-818c-48ae-9e70-68341c5dddd0: Riverside Academy","timestamp":"2025-03-05T16:16:07.985Z"}
{"level":"info","message":"Created school 74a10f71-aaf3-493c-8775-fe4b91831553: Sunrise School","timestamp":"2025-03-05T16:16:08.327Z"}
{"level":"info","message":"Created school fd4a7bc8-dc61-45f6-9522-f9a17f91696e: Greenwood High","timestamp":"2025-03-05T16:16:08.738Z"}
{"level":"info","message":"Created school 060c58c8-767c-48e8-96a1-9bdac2f27787: Riverside Academy","timestamp":"2025-03-05T16:16:09.096Z"}
{"level":"info","message":"Created school 8474faba-d72e-4d18-b24c-43f0e9042cbd: Sunrise School","timestamp":"2025-03-05T16:16:09.440Z"}
{"level":"info","message":"Created school 09115525-17c7-4d4d-a153-5c3a381a9a24: Greenwood High","timestamp":"2025-03-05T16:16:10.294Z"}
{"level":"info","message":"Created school 09ff0667-4b3c-4d92-85b8-0c3753dcfe55: Riverside Academy","timestamp":"2025-03-05T16:16:10.646Z"}
{"level":"info","message":"Created school 3f366974-8743-4fd0-8be2-16a847daab34: Sunrise School","timestamp":"2025-03-05T16:16:10.992Z"}
{"level":"error","message":"Failed to update school 829812af-92af-4818-bda3-6050a3336175: [\n  {\n    \"code\": \"invalid_type\",\n    \"expected\": \"string\",\n    \"received\": \"undefined\",\n    \"path\": [\n      \"country\"\n    ],\n    \"message\": \"Required\"\n  },\n  {\n    \"code\": \"invalid_type\",\n    \"expected\": \"string\",\n    \"received\": \"undefined\",\n    \"path\": [\n      \"phone\"\n    ],\n    \"message\": \"Required\"\n  },\n  {\n    \"code\": \"invalid_type\",\n    \"expected\": \"string\",\n    \"received\": \"undefined\",\n    \"path\": [\n      \"email\"\n    ],\n    \"message\": \"Required\"\n  }\n]","timestamp":"2025-03-05T16:18:05.740Z"}
{"level":"error","message":"Failed to update school 09ff0667-4b3c-4d92-85b8-0c3753dcfe55: [\n  {\n    \"code\": \"invalid_type\",\n    \"expected\": \"string\",\n    \"received\": \"undefined\",\n    \"path\": [\n      \"country\"\n    ],\n    \"message\": \"Required\"\n  },\n  {\n    \"code\": \"invalid_type\",\n    \"expected\": \"string\",\n    \"received\": \"undefined\",\n    \"path\": [\n      \"phone\"\n    ],\n    \"message\": \"Required\"\n  },\n  {\n    \"code\": \"invalid_type\",\n    \"expected\": \"string\",\n    \"received\": \"undefined\",\n    \"path\": [\n      \"email\"\n    ],\n    \"message\": \"Required\"\n  }\n]","timestamp":"2025-03-05T16:18:05.744Z"}
{"level":"error","message":"Failed to update school 060c58c8-767c-48e8-96a1-9bdac2f27787: [\n  {\n    \"code\": \"invalid_type\",\n    \"expected\": \"string\",\n    \"received\": \"undefined\",\n    \"path\": [\n      \"country\"\n    ],\n    \"message\": \"Required\"\n  },\n  {\n    \"code\": \"invalid_type\",\n    \"expected\": \"string\",\n    \"received\": \"undefined\",\n    \"path\": [\n      \"phone\"\n    ],\n    \"message\": \"Required\"\n  },\n  {\n    \"code\": \"invalid_type\",\n    \"expected\": \"string\",\n    \"received\": \"undefined\",\n    \"path\": [\n      \"email\"\n    ],\n    \"message\": \"Required\"\n  }\n]","timestamp":"2025-03-05T16:18:05.747Z"}
{"level":"error","message":"Failed to retrieve school all: PrismaClientKnownRequestError: \nInvalid `prisma.school.findUniqueOrThrow()` invocation:\n\n\nAn operation failed because it depends on one or more records that were required but not found. Expected a record, found none.","timestamp":"2025-03-05T16:27:44.380Z"}
{"level":"error","message":"Failed to fetch school: Error: School retrieval failed: PrismaClientKnownRequestError: \nInvalid `prisma.school.findUniqueOrThrow()` invocation:\n\n\nAn operation failed because it depends on one or more records that were required but not found. Expected a record, found none.","timestamp":"2025-03-05T16:27:44.385Z"}
{"level":"error","message":"Failed to retrieve school all: PrismaClientKnownRequestError: \nInvalid `prisma.school.findUniqueOrThrow()` invocation:\n\n\nAn operation failed because it depends on one or more records that were required but not found. Expected a record, found none.","timestamp":"2025-03-05T16:27:56.396Z"}
{"level":"error","message":"Failed to fetch school: Error: School retrieval failed: PrismaClientKnownRequestError: \nInvalid `prisma.school.findUniqueOrThrow()` invocation:\n\n\nAn operation failed because it depends on one or more records that were required but not found. Expected a record, found none.","timestamp":"2025-03-05T16:27:56.397Z"}
{"level":"error","message":"Failed to retrieve school all: PrismaClientKnownRequestError: \nInvalid `prisma.school.findUniqueOrThrow()` invocation:\n\n\nAn operation failed because it depends on one or more records that were required but not found. Expected a record, found none.","timestamp":"2025-03-05T16:28:01.335Z"}
{"level":"error","message":"Failed to fetch school: Error: School retrieval failed: PrismaClientKnownRequestError: \nInvalid `prisma.school.findUniqueOrThrow()` invocation:\n\n\nAn operation failed because it depends on one or more records that were required but not found. Expected a record, found none.","timestamp":"2025-03-05T16:28:01.337Z"}
{"level":"error","message":"Failed to retrieve schools: PrismaClientKnownRequestError: \nInvalid `prisma.school.findMany()` invocation:\n\n\nCannot fetch data from service:\nfetch failed","timestamp":"2025-03-05T17:45:49.950Z"}
{"level":"error","message":"Failed to fetch schools: Error: Schools retrieval failed: PrismaClientKnownRequestError: \nInvalid `prisma.school.findMany()` invocation:\n\n\nCannot fetch data from service:\nfetch failed","timestamp":"2025-03-05T17:45:49.956Z"}
{"level":"error","message":"Failed to retrieve schools: PrismaClientKnownRequestError: \nInvalid `prisma.school.findMany()` invocation:\n\n\nCannot fetch data from service:\nfetch failed","timestamp":"2025-03-05T17:45:55.597Z"}
{"level":"error","message":"Failed to fetch schools: Error: Schools retrieval failed: PrismaClientKnownRequestError: \nInvalid `prisma.school.findMany()` invocation:\n\n\nCannot fetch data from service:\nfetch failed","timestamp":"2025-03-05T17:45:55.611Z"}
{"error":{},"level":"error","message":"Unexpected Error: Cannot read properties of undefined (reading 'findMany')","timestamp":"2025-03-06T09:11:23.865Z"}
{"error":{},"level":"error","message":"Unexpected Error: Cannot read properties of undefined (reading 'findMany')","timestamp":"2025-03-06T09:25:22.436Z"}
{"error":{},"level":"error","message":"Unexpected Error: Cannot read properties of undefined (reading 'findMany')","timestamp":"2025-03-06T09:25:39.458Z"}
{"level":"error","message":"Failed to fetch curricula: TypeError: Cannot read properties of undefined (reading 'findMany')","timestamp":"2025-03-06T09:30:31.657Z"}
{"level":"error","message":"Failed to retrieve curricula: TypeError: Cannot read properties of undefined (reading 'findMany')","timestamp":"2025-03-06T09:54:26.156Z"}
{"level":"error","message":"Failed to fetch curricula: Error: Curricula retrieval failed: TypeError: Cannot read properties of undefined (reading 'findMany')","timestamp":"2025-03-06T09:54:26.160Z"}
{"level":"error","message":"Failed to retrieve curricula: TypeError: Cannot read properties of undefined (reading 'findMany')","timestamp":"2025-03-06T09:54:31.208Z"}
{"level":"error","message":"Failed to fetch curricula: Error: Curricula retrieval failed: TypeError: Cannot read properties of undefined (reading 'findMany')","timestamp":"2025-03-06T09:54:31.210Z"}
{"level":"error","message":"Failed to retrieve curricula: TypeError: Cannot read properties of undefined (reading 'findMany')","timestamp":"2025-03-06T09:54:56.722Z"}
{"level":"error","message":"Failed to fetch curricula: Error: Curricula retrieval failed: TypeError: Cannot read properties of undefined (reading 'findMany')","timestamp":"2025-03-06T09:54:56.723Z"}
{"level":"error","message":"Failed to retrieve curricula: TypeError: Cannot read properties of undefined (reading 'findMany')","timestamp":"2025-03-06T09:55:16.950Z"}
{"level":"error","message":"Failed to fetch curricula: Error: Curricula retrieval failed: TypeError: Cannot read properties of undefined (reading 'findMany')","timestamp":"2025-03-06T09:55:16.951Z"}
{"level":"error","message":"Failed to retrieve curricula: TypeError: Cannot read properties of undefined (reading 'findMany')","timestamp":"2025-03-06T09:57:07.010Z"}
{"level":"error","message":"Failed to fetch curricula: Error: Curricula retrieval failed: TypeError: Cannot read properties of undefined (reading 'findMany')","timestamp":"2025-03-06T09:57:07.011Z"}
{"level":"error","message":"Failed to retrieve curricula: TypeError: Cannot read properties of undefined (reading 'findMany')","timestamp":"2025-03-06T09:58:37.047Z"}
{"level":"error","message":"Failed to fetch curricula: Error: Curricula retrieval failed: TypeError: Cannot read properties of undefined (reading 'findMany')","timestamp":"2025-03-06T09:58:37.049Z"}
{"level":"error","message":"Failed to retrieve curricula: TypeError: Cannot read properties of undefined (reading 'findMany')","timestamp":"2025-03-06T10:01:47.328Z"}
{"level":"error","message":"Failed to fetch curricula: Error: Curricula retrieval failed: TypeError: Cannot read properties of undefined (reading 'findMany')","timestamp":"2025-03-06T10:01:47.329Z"}
{"level":"error","message":"Failed to retrieve curricula: TypeError: Cannot read properties of undefined (reading 'findMany')","timestamp":"2025-03-06T10:04:32.075Z"}
{"level":"error","message":"Failed to fetch curricula: Error: Curricula retrieval failed: TypeError: Cannot read properties of undefined (reading 'findMany')","timestamp":"2025-03-06T10:04:32.082Z"}
{"level":"error","message":"Failed to retrieve curricula: TypeError: Cannot read properties of undefined (reading 'findMany')","timestamp":"2025-03-06T10:04:42.118Z"}
{"level":"error","message":"Failed to fetch curricula: Error: Curricula retrieval failed: TypeError: Cannot read properties of undefined (reading 'findMany')","timestamp":"2025-03-06T10:04:42.120Z"}
{"level":"error","message":"Failed to retrieve curricula: TypeError: Cannot read properties of undefined (reading 'findMany')","timestamp":"2025-03-06T10:05:02.528Z"}
{"level":"error","message":"Failed to fetch curricula: Error: Curricula retrieval failed: TypeError: Cannot read properties of undefined (reading 'findMany')","timestamp":"2025-03-06T10:05:02.531Z"}
{"level":"error","message":"Failed to retrieve curricula: TypeError: Cannot read properties of undefined (reading 'findMany')","timestamp":"2025-03-06T10:05:15.510Z"}
{"level":"error","message":"Failed to fetch curricula: Error: Curricula retrieval failed: TypeError: Cannot read properties of undefined (reading 'findMany')","timestamp":"2025-03-06T10:05:15.512Z"}
{"level":"error","message":"Failed to retrieve curricula: TypeError: Cannot read properties of undefined (reading 'findMany')","timestamp":"2025-03-06T10:05:20.657Z"}
{"level":"error","message":"Failed to fetch curricula: Error: Curricula retrieval failed: TypeError: Cannot read properties of undefined (reading 'findMany')","timestamp":"2025-03-06T10:05:20.659Z"}
{"level":"error","message":"Failed to retrieve curricula: TypeError: Cannot read properties of undefined (reading 'findMany')","timestamp":"2025-03-06T10:05:30.902Z"}
{"level":"error","message":"Failed to fetch curricula: Error: Curricula retrieval failed: TypeError: Cannot read properties of undefined (reading 'findMany')","timestamp":"2025-03-06T10:05:30.903Z"}
{"level":"error","message":"Failed to retrieve curricula: TypeError: Cannot read properties of undefined (reading 'findMany')","timestamp":"2025-03-06T10:06:25.945Z"}
{"level":"error","message":"Failed to fetch curricula: Error: Curricula retrieval failed: TypeError: Cannot read properties of undefined (reading 'findMany')","timestamp":"2025-03-06T10:06:25.947Z"}
{"level":"error","message":"Failed to retrieve curricula: TypeError: Cannot read properties of undefined (reading 'findMany')","timestamp":"2025-03-06T10:08:06.392Z"}
{"level":"error","message":"Failed to fetch curricula: Error: Curricula retrieval failed: TypeError: Cannot read properties of undefined (reading 'findMany')","timestamp":"2025-03-06T10:08:06.402Z"}
{"level":"error","message":"Failed to retrieve curricula: TypeError: Cannot read properties of undefined (reading 'findMany')","timestamp":"2025-03-06T10:12:01.493Z"}
{"level":"error","message":"Failed to fetch curricula: Error: Curricula retrieval failed: TypeError: Cannot read properties of undefined (reading 'findMany')","timestamp":"2025-03-06T10:12:01.495Z"}
{"level":"error","message":"Failed to retrieve curricula: TypeError: Cannot read properties of undefined (reading 'findMany')","timestamp":"2025-03-06T10:18:06.558Z"}
{"level":"error","message":"Failed to fetch curricula: Error: Curricula retrieval failed: TypeError: Cannot read properties of undefined (reading 'findMany')","timestamp":"2025-03-06T10:18:06.560Z"}
{"level":"error","message":"Failed to retrieve curricula: TypeError: Cannot read properties of undefined (reading 'findMany')","timestamp":"2025-03-06T10:19:25.336Z"}
{"level":"error","message":"Failed to fetch curricula: Error: Curricula retrieval failed: TypeError: Cannot read properties of undefined (reading 'findMany')","timestamp":"2025-03-06T10:19:25.340Z"}
{"level":"error","message":"Failed to retrieve curricula: TypeError: Cannot read properties of undefined (reading 'findMany')","timestamp":"2025-03-06T10:19:35.403Z"}
{"level":"error","message":"Failed to fetch curricula: Error: Curricula retrieval failed: TypeError: Cannot read properties of undefined (reading 'findMany')","timestamp":"2025-03-06T10:19:35.404Z"}
{"level":"error","message":"Failed to retrieve curricula: TypeError: Cannot read properties of undefined (reading 'findMany')","timestamp":"2025-03-06T10:19:50.503Z"}
{"level":"error","message":"Failed to fetch curricula: Error: Curricula retrieval failed: TypeError: Cannot read properties of undefined (reading 'findMany')","timestamp":"2025-03-06T10:19:50.506Z"}
{"level":"error","message":"Failed to retrieve curricula: TypeError: Cannot read properties of undefined (reading 'findMany')","timestamp":"2025-03-06T10:20:25.556Z"}
{"level":"error","message":"Failed to fetch curricula: Error: Curricula retrieval failed: TypeError: Cannot read properties of undefined (reading 'findMany')","timestamp":"2025-03-06T10:20:25.558Z"}
{"level":"error","message":"Failed to retrieve curricula: TypeError: Cannot read properties of undefined (reading 'findMany')","timestamp":"2025-03-06T10:21:25.591Z"}
{"level":"error","message":"Failed to fetch curricula: Error: Curricula retrieval failed: TypeError: Cannot read properties of undefined (reading 'findMany')","timestamp":"2025-03-06T10:21:25.592Z"}
{"level":"error","message":"Failed to retrieve curricula: TypeError: Cannot read properties of undefined (reading 'findMany')","timestamp":"2025-03-06T10:23:15.629Z"}
{"level":"error","message":"Failed to fetch curricula: Error: Curricula retrieval failed: TypeError: Cannot read properties of undefined (reading 'findMany')","timestamp":"2025-03-06T10:23:15.633Z"}
{"level":"error","message":"Failed to retrieve curricula: TypeError: Cannot read properties of undefined (reading 'findMany')","timestamp":"2025-03-06T10:29:10.712Z"}
{"level":"error","message":"Failed to fetch curricula: Error: Curricula retrieval failed: TypeError: Cannot read properties of undefined (reading 'findMany')","timestamp":"2025-03-06T10:29:10.714Z"}
{"level":"error","message":"Failed to retrieve curricula: TypeError: Cannot read properties of undefined (reading 'findMany')","timestamp":"2025-03-06T10:29:39.352Z"}
{"level":"error","message":"Failed to fetch curricula: Error: Curricula retrieval failed: TypeError: Cannot read properties of undefined (reading 'findMany')","timestamp":"2025-03-06T10:29:39.353Z"}
{"level":"error","message":"Failed to fetch schools: Error: Unauthorized","timestamp":"2025-03-06T10:30:05.947Z"}
{"level":"error","message":"Failed to retrieve curricula: TypeError: Cannot read properties of undefined (reading 'findMany')","timestamp":"2025-03-06T10:38:25.832Z"}
{"level":"error","message":"Failed to fetch curricula: Error: Curricula retrieval failed: TypeError: Cannot read properties of undefined (reading 'findMany')","timestamp":"2025-03-06T10:38:25.834Z"}
{"level":"error","message":"Failed to fetch schools: Error: Unauthorized","timestamp":"2025-03-06T10:58:40.707Z"}
{"level":"error","message":"Failed to fetch schools: Error: Unauthorized","timestamp":"2025-03-06T10:59:23.471Z"}
{"level":"error","message":"Failed to fetch schools: Error: Unauthorized","timestamp":"2025-03-06T10:59:29.680Z"}
{"level":"error","message":"Failed to fetch schools: Error: Unauthorized","timestamp":"2025-03-06T11:00:24.399Z"}
{"level":"error","message":"Failed to retrieve curricula: TypeError: Cannot read properties of undefined (reading 'findMany')","timestamp":"2025-03-06T11:03:54.561Z"}
{"level":"error","message":"Failed to fetch schools: Error: Curricula retrieval failed: TypeError: Cannot read properties of undefined (reading 'findMany')","timestamp":"2025-03-06T11:03:54.566Z"}
{"level":"error","message":"Failed to retrieve curricula: TypeError: Cannot read properties of undefined (reading 'findMany')","timestamp":"2025-03-06T11:04:04.632Z"}
{"level":"error","message":"Failed to fetch schools: Error: Curricula retrieval failed: TypeError: Cannot read properties of undefined (reading 'findMany')","timestamp":"2025-03-06T11:04:04.634Z"}
{"level":"error","message":"Failed to retrieve curricula: TypeError: Cannot read properties of undefined (reading 'findMany')","timestamp":"2025-03-06T11:04:14.716Z"}
{"level":"error","message":"Failed to fetch schools: Error: Curricula retrieval failed: TypeError: Cannot read properties of undefined (reading 'findMany')","timestamp":"2025-03-06T11:04:14.717Z"}
{"level":"error","message":"Failed to retrieve curricula: TypeError: Cannot read properties of undefined (reading 'findMany')","timestamp":"2025-03-06T11:04:44.759Z"}
{"level":"error","message":"Failed to fetch schools: Error: Curricula retrieval failed: TypeError: Cannot read properties of undefined (reading 'findMany')","timestamp":"2025-03-06T11:04:44.761Z"}
{"level":"error","message":"Failed to retrieve curricula: TypeError: Cannot read properties of undefined (reading 'findMany')","timestamp":"2025-03-06T11:05:30.066Z"}
{"level":"error","message":"Failed to fetch schools: Error: Curricula retrieval failed: TypeError: Cannot read properties of undefined (reading 'findMany')","timestamp":"2025-03-06T11:05:30.070Z"}
{"level":"error","message":"Failed to retrieve curricula: TypeError: Cannot read properties of undefined (reading 'findMany')","timestamp":"2025-03-06T11:05:40.216Z"}
{"level":"error","message":"Failed to fetch schools: Error: Curricula retrieval failed: TypeError: Cannot read properties of undefined (reading 'findMany')","timestamp":"2025-03-06T11:05:40.219Z"}
{"level":"error","message":"Failed to retrieve curricula: TypeError: Cannot read properties of undefined (reading 'findMany')","timestamp":"2025-03-06T11:05:55.339Z"}
{"level":"error","message":"Failed to fetch schools: Error: Curricula retrieval failed: TypeError: Cannot read properties of undefined (reading 'findMany')","timestamp":"2025-03-06T11:05:55.340Z"}
{"level":"error","message":"Failed to retrieve curricula: TypeError: Cannot read properties of undefined (reading 'findMany')","timestamp":"2025-03-06T11:06:31.031Z"}
{"level":"error","message":"Failed to fetch schools: Error: Curricula retrieval failed: TypeError: Cannot read properties of undefined (reading 'findMany')","timestamp":"2025-03-06T11:06:31.034Z"}
{"level":"error","message":"Failed to retrieve curricula: TypeError: Cannot read properties of undefined (reading 'findMany')","timestamp":"2025-03-06T11:08:21.281Z"}
{"level":"error","message":"Failed to fetch schools: Error: Curricula retrieval failed: TypeError: Cannot read properties of undefined (reading 'findMany')","timestamp":"2025-03-06T11:08:21.282Z"}
{"level":"error","message":"Failed to fetch schools: Error: Unauthorized","timestamp":"2025-03-06T11:19:13.906Z"}
{"level":"error","message":"Failed to fetch schools: Error: Unauthorized","timestamp":"2025-03-06T11:19:23.943Z"}
{"level":"error","message":"Failed to fetch schools: Error: Unauthorized","timestamp":"2025-03-06T11:19:33.992Z"}
{"level":"error","message":"Failed to fetch schools: Error: Unauthorized","timestamp":"2025-03-06T11:20:29.339Z"}
{"level":"info","message":"Created curriculum c257a5d1-8c93-4447-8474-1d1b2ceb33ea: Mathematics Curriculum","timestamp":"2025-03-06T14:37:09.310Z"}
{"level":"info","message":"Created curriculum 7410e576-8e7b-43d6-ab73-5804c0668db3: Science Curriculum","timestamp":"2025-03-06T14:37:10.096Z"}
{"level":"info","message":"Created curriculum 5a49bc8e-45f4-4293-afb3-a64bf3857b7b: History Curriculum","timestamp":"2025-03-06T14:37:10.851Z"}
{"level":"info","message":"Created curriculum 34669c60-1258-415e-bb93-bcb9a1dc8db5: English Curriculum","timestamp":"2025-03-06T14:40:48.729Z"}
{"level":"info","message":"Updated curriculum 5a49bc8e-45f4-4293-afb3-a64bf3857b7b: History Curriculum","timestamp":"2025-03-06T14:57:02.845Z"}
{"level":"info","message":"Updated curriculum 5a49bc8e-45f4-4293-afb3-a64bf3857b7b: History Curriculum by user undefined","timestamp":"2025-03-06T14:59:56.121Z"}
{"level":"info","message":"Created curriculum 09524cc6-26f6-4ab3-b12b-2647b17876b6: Mathematics Curriculum","timestamp":"2025-03-06T15:07:27.744Z"}
{"level":"info","message":"Created curriculum 50ab300b-2d61-44b9-9c4b-a1005723a685: Science Curriculum","timestamp":"2025-03-06T15:07:28.510Z"}
{"level":"info","message":"Created curriculum 01712f44-86c2-4ba8-a43d-73d10cb22871: History Curriculum","timestamp":"2025-03-06T15:07:28.835Z"}
{"level":"info","message":"Updated curriculum 01712f44-86c2-4ba8-a43d-73d10cb22871: History Curriculum","timestamp":"2025-03-06T15:21:06.432Z"}
{"level":"info","message":"Created curriculum 54b57d4b-b095-49dd-bd80-a54d3862aae4: New Curriculum","timestamp":"2025-03-06T15:22:18.325Z"}
{"level":"info","message":"Deleted curriculum 54b57d4b-b095-49dd-bd80-a54d3862aae4 by user undefined","timestamp":"2025-03-06T15:22:45.706Z"}
{"level":"info","message":"Deleted curriculum 7410e576-8e7b-43d6-ab73-5804c0668db3","timestamp":"2025-03-06T15:29:30.362Z"}
