{"error":{},"level":"error","message":"Admin dashboard error: Cannot read properties of undefined (reading 'count')","timestamp":"2025-03-04T15:11:44.648Z"}
{"error":{},"level":"error","message":"Admin dashboard error: Cannot read properties of undefined (reading 'count')","timestamp":"2025-03-04T15:11:57.513Z"}
{"error":{"clientVersion":"6.4.1","code":"P5010","meta":{"modelName":"Student"},"name":"PrismaClientKnownRequestError"},"level":"error","message":"Admin dashboard error: \nInvalid `prisma.student.count()` invocation:\n\n\nCannot fetch data from service:\nfetch failed","timestamp":"2025-03-04T15:12:37.928Z"}
{"error":{"clientVersion":"6.4.1","code":"P5010","meta":{"modelName":"Student"},"name":"PrismaClientKnownRequestError"},"level":"error","message":"Admin dashboard error: \nInvalid `prisma.student.count()` invocation:\n\n\nCannot fetch data from service:\nfetch failed","timestamp":"2025-03-04T15:13:24.047Z"}
{"error":{"clientVersion":"6.4.1","name":"PrismaClientValidationError"},"level":"error","message":"Unexpected Error: \nInvalid `prisma.student.create()` invocation:\n\n{\n  data: {\n    studentId: \"STU-636633AD\",\n    dateOfBirth: \"2000-09-12\",\n                 ~~~~~~~~~~~~\n    gender: \"Male\",\n    address: \"123 Main Road\",\n    emergencyContact: \"+1 656 871-1919\",\n    medicalInfo: \"None\",\n    user: {\n      create: {\n        email: \"james@mail.com\",\n        passwordHash: \"$2b$10$MtaBaeIhbQzux.WrnnDoBuL1tLthTi1kkziHS1r54t5u3yvLPTaH.\",\n        role: \"STUDENT\",\n        firstName: \"James\",\n        lastName: \"Kay\",\n        phoneNumber: \"+1 656 161-1919\"\n      }\n    },\n    schoolId: \"550e8400-e29b-41d4-a716-446655440000\",\n    documents: {\n      create: []\n    }\n  }\n}\n\nInvalid value for argument `dateOfBirth`: premature end of input. Expected ISO-8601 DateTime.","timestamp":"2025-03-04T18:18:45.332Z"}
{"error":{"inner":{"inner":null,"message":"IndexedDB API missing. Please visit https://tinyurl.com/y2uuvskb","name":"MissingAPIError"},"message":"MissingAPIError IndexedDB API missing. Please visit https://tinyurl.com/y2uuvskb","name":"DatabaseClosedError"},"level":"error","message":"Failed to add to sync queue: MissingAPIError IndexedDB API missing. Please visit https://tinyurl.com/y2uuvskb","timestamp":"2025-03-04T19:03:57.633Z"}
{"error":{"name":"ApiError","status":500},"level":"error","message":"Failed to register student STU-D4A29D09: Failed to queue sync operation: MissingAPIError IndexedDB API missing. Please visit https://tinyurl.com/y2uuvskb","timestamp":"2025-03-04T19:03:57.637Z"}
{"error":{"name":"ApiError","status":403},"level":"error","message":"Failed to fetch students: Unauthorized","timestamp":"2025-03-05T06:10:29.396Z"}
{"error":{"name":"ApiError","status":403},"level":"error","message":"Failed to fetch students: Unauthorized","timestamp":"2025-03-05T06:10:36.105Z"}
{"error":{"name":"ApiError","status":403},"level":"error","message":"Failed to fetch students: Unauthorized","timestamp":"2025-03-05T06:10:42.472Z"}
{"error":{"name":"ApiError","status":403},"level":"error","message":"Failed to fetch students: Unauthorized","timestamp":"2025-03-05T06:11:08.278Z"}
{"error":{"name":"ApiError","status":403},"level":"error","message":"Failed to fetch students: Unauthorized","timestamp":"2025-03-05T06:11:33.901Z"}
{"error":{"name":"ApiError","status":403},"level":"error","message":"Failed to fetch students: Unauthorized","timestamp":"2025-03-05T06:12:59.468Z"}
{"error":{"name":"ApiError","status":403},"level":"error","message":"Failed to fetch students: Unauthorized","timestamp":"2025-03-05T06:14:39.771Z"}
{"error":{"name":"ApiError","status":403},"level":"error","message":"Failed to fetch students: Unauthorized","timestamp":"2025-03-05T06:21:18.259Z"}
{"error":{"name":"ApiError","status":403},"level":"error","message":"Failed to fetch students: Unauthorized","timestamp":"2025-03-05T06:21:29.155Z"}
{"error":{"name":"ApiError","status":403},"level":"error","message":"Failed to fetch students: Unauthorized","timestamp":"2025-03-05T06:21:34.490Z"}
{"error":{"name":"ApiError","status":403},"level":"error","message":"Failed to fetch students: Unauthorized","timestamp":"2025-03-05T06:21:55.693Z"}
{"error":{"name":"ApiError","status":403},"level":"error","message":"Failed to fetch students: Unauthorized","timestamp":"2025-03-05T06:22:37.043Z"}
{"error":{"clientVersion":"6.4.1","name":"PrismaClientValidationError"},"level":"error","message":"Failed to update school: \nInvalid `prisma.school.update()` invocation:\n\n{\n  where: {\n    id: \"98278504-5266-428b-8327-28d2c221894e\"\n  },\n  data: {\n    name: \"Shule two\",\n    address: \"102 Main Road\",\n    city: \"Nairobi\",\n    state: \"Central Province\",\n    country: \"Kenya\",\n    phone: \"+25470929292\",\n    email: \"shuletwo@gmail.com\",\n    website: \"https://shuleone.edu\",\n    updatedAt: new Date(\"2025-03-05T08:49:45.273Z\"),\n+   zipCode: String\n  }\n}\n\nArgument `zipCode` must not be null.","timestamp":"2025-03-05T08:49:47.546Z"}
{"error":{"clientVersion":"6.4.1","name":"PrismaClientValidationError"},"level":"error","message":"Failed to update school: \nInvalid `prisma.school.update()` invocation:\n\n{\n  where: {\n    id: \"98278504-5266-428b-8327-28d2c221894e\"\n  },\n  data: {\n    name: \"Shule two\",\n    address: \"102 Main Road\",\n    city: \"Nairobi\",\n    state: \"Central Province\",\n    country: \"Kenya\",\n    phone: \"+25470929292\",\n    email: \"shuletwoemailgmailaddress@gmail.com\",\n    website: \"https://shuleone.edu\",\n    updatedAt: new Date(\"2025-03-05T08:50:15.507Z\"),\n+   zipCode: String\n  }\n}\n\nArgument `zipCode` must not be null.","timestamp":"2025-03-05T08:50:20.034Z"}
{"error":{"clientVersion":"6.4.1","name":"PrismaClientValidationError"},"level":"error","message":"Failed to update school: \nInvalid `prisma.school.update()` invocation:\n\n{\n  where: {\n    id: \"98278504-5266-428b-8327-28d2c221894e\"\n  },\n  data: {\n    name: \"Shule two\",\n    address: \"102 Main Road\",\n    city: \"Nairobi\",\n    state: \"Central Province\",\n    country: \"Kenya\",\n    phone: \"+25470929292\",\n    email: \"shuletwoemailgmailaddress@gmail.com\",\n    website: \"https://shuleone.edu\",\n    updatedAt: new Date(\"2025-03-05T09:02:22.886Z\"),\n+   zipCode: String\n  }\n}\n\nArgument `zipCode` must not be null.","timestamp":"2025-03-05T09:02:26.672Z"}
{"error":{"clientVersion":"6.4.1","name":"PrismaClientValidationError"},"level":"error","message":"Failed to update school: \nInvalid `prisma.school.update()` invocation:\n\n{\n  where: {\n    id: \"98278504-5266-428b-8327-28d2c221894e\"\n  },\n  data: {\n    name: \"Shule two\",\n    address: \"102 Main Road\",\n    city: \"Nairobi\",\n    state: \"Central Province\",\n    country: \"Kenya\",\n    phone: \"+25470929292\",\n    email: \"shuletwoemailgmailaddress@gmail.com\",\n    website: \"https://shuleone.edu\",\n    updatedAt: new Date(\"2025-03-05T09:10:01.581Z\"),\n+   zipCode: String\n  }\n}\n\nArgument `zipCode` must not be null.","timestamp":"2025-03-05T09:10:03.388Z"}
{"error":{"clientVersion":"6.4.1","name":"PrismaClientValidationError"},"level":"error","message":"Failed to update school: \nInvalid `prisma.school.update()` invocation:\n\n{\n  where: {\n    id: \"98278504-5266-428b-8327-28d2c221894e\"\n  },\n  data: {\n    name: \"Shule two\",\n    address: \"102 Main Road\",\n    city: \"Nairobi\",\n    state: \"Central Province\",\n    country: \"Kenya\",\n    phone: \"+25470929292\",\n    email: \"shuletwoemailgmailaddress@gmail.com\",\n    website: \"https://shuleone.edu\",\n    updatedAt: new Date(\"2025-03-05T09:15:00.647Z\"),\n+   zipCode: String\n  }\n}\n\nArgument `zipCode` must not be null.","timestamp":"2025-03-05T09:15:09.562Z"}
{"level":"error","message":"Failed to update school 829812af-92af-4818-bda3-6050a3336175: [\n  {\n    \"code\": \"invalid_type\",\n    \"expected\": \"string\",\n    \"received\": \"undefined\",\n    \"path\": [\n      \"country\"\n    ],\n    \"message\": \"Required\"\n  },\n  {\n    \"code\": \"invalid_type\",\n    \"expected\": \"string\",\n    \"received\": \"undefined\",\n    \"path\": [\n      \"phone\"\n    ],\n    \"message\": \"Required\"\n  },\n  {\n    \"code\": \"invalid_type\",\n    \"expected\": \"string\",\n    \"received\": \"undefined\",\n    \"path\": [\n      \"email\"\n    ],\n    \"message\": \"Required\"\n  }\n]","timestamp":"2025-03-05T16:18:05.740Z"}
{"level":"error","message":"Failed to update school 09ff0667-4b3c-4d92-85b8-0c3753dcfe55: [\n  {\n    \"code\": \"invalid_type\",\n    \"expected\": \"string\",\n    \"received\": \"undefined\",\n    \"path\": [\n      \"country\"\n    ],\n    \"message\": \"Required\"\n  },\n  {\n    \"code\": \"invalid_type\",\n    \"expected\": \"string\",\n    \"received\": \"undefined\",\n    \"path\": [\n      \"phone\"\n    ],\n    \"message\": \"Required\"\n  },\n  {\n    \"code\": \"invalid_type\",\n    \"expected\": \"string\",\n    \"received\": \"undefined\",\n    \"path\": [\n      \"email\"\n    ],\n    \"message\": \"Required\"\n  }\n]","timestamp":"2025-03-05T16:18:05.744Z"}
{"level":"error","message":"Failed to update school 060c58c8-767c-48e8-96a1-9bdac2f27787: [\n  {\n    \"code\": \"invalid_type\",\n    \"expected\": \"string\",\n    \"received\": \"undefined\",\n    \"path\": [\n      \"country\"\n    ],\n    \"message\": \"Required\"\n  },\n  {\n    \"code\": \"invalid_type\",\n    \"expected\": \"string\",\n    \"received\": \"undefined\",\n    \"path\": [\n      \"phone\"\n    ],\n    \"message\": \"Required\"\n  },\n  {\n    \"code\": \"invalid_type\",\n    \"expected\": \"string\",\n    \"received\": \"undefined\",\n    \"path\": [\n      \"email\"\n    ],\n    \"message\": \"Required\"\n  }\n]","timestamp":"2025-03-05T16:18:05.747Z"}
{"level":"error","message":"Failed to retrieve school all: PrismaClientKnownRequestError: \nInvalid `prisma.school.findUniqueOrThrow()` invocation:\n\n\nAn operation failed because it depends on one or more records that were required but not found. Expected a record, found none.","timestamp":"2025-03-05T16:27:44.380Z"}
{"level":"error","message":"Failed to fetch school: Error: School retrieval failed: PrismaClientKnownRequestError: \nInvalid `prisma.school.findUniqueOrThrow()` invocation:\n\n\nAn operation failed because it depends on one or more records that were required but not found. Expected a record, found none.","timestamp":"2025-03-05T16:27:44.385Z"}
{"level":"error","message":"Failed to retrieve school all: PrismaClientKnownRequestError: \nInvalid `prisma.school.findUniqueOrThrow()` invocation:\n\n\nAn operation failed because it depends on one or more records that were required but not found. Expected a record, found none.","timestamp":"2025-03-05T16:27:56.396Z"}
{"level":"error","message":"Failed to fetch school: Error: School retrieval failed: PrismaClientKnownRequestError: \nInvalid `prisma.school.findUniqueOrThrow()` invocation:\n\n\nAn operation failed because it depends on one or more records that were required but not found. Expected a record, found none.","timestamp":"2025-03-05T16:27:56.397Z"}
{"level":"error","message":"Failed to retrieve school all: PrismaClientKnownRequestError: \nInvalid `prisma.school.findUniqueOrThrow()` invocation:\n\n\nAn operation failed because it depends on one or more records that were required but not found. Expected a record, found none.","timestamp":"2025-03-05T16:28:01.335Z"}
{"level":"error","message":"Failed to fetch school: Error: School retrieval failed: PrismaClientKnownRequestError: \nInvalid `prisma.school.findUniqueOrThrow()` invocation:\n\n\nAn operation failed because it depends on one or more records that were required but not found. Expected a record, found none.","timestamp":"2025-03-05T16:28:01.337Z"}
{"level":"error","message":"Failed to retrieve schools: PrismaClientKnownRequestError: \nInvalid `prisma.school.findMany()` invocation:\n\n\nCannot fetch data from service:\nfetch failed","timestamp":"2025-03-05T17:45:49.950Z"}
{"level":"error","message":"Failed to fetch schools: Error: Schools retrieval failed: PrismaClientKnownRequestError: \nInvalid `prisma.school.findMany()` invocation:\n\n\nCannot fetch data from service:\nfetch failed","timestamp":"2025-03-05T17:45:49.956Z"}
{"level":"error","message":"Failed to retrieve schools: PrismaClientKnownRequestError: \nInvalid `prisma.school.findMany()` invocation:\n\n\nCannot fetch data from service:\nfetch failed","timestamp":"2025-03-05T17:45:55.597Z"}
{"level":"error","message":"Failed to fetch schools: Error: Schools retrieval failed: PrismaClientKnownRequestError: \nInvalid `prisma.school.findMany()` invocation:\n\n\nCannot fetch data from service:\nfetch failed","timestamp":"2025-03-05T17:45:55.611Z"}
{"error":{},"level":"error","message":"Unexpected Error: Cannot read properties of undefined (reading 'findMany')","timestamp":"2025-03-06T09:11:23.865Z"}
{"error":{},"level":"error","message":"Unexpected Error: Cannot read properties of undefined (reading 'findMany')","timestamp":"2025-03-06T09:25:22.436Z"}
{"error":{},"level":"error","message":"Unexpected Error: Cannot read properties of undefined (reading 'findMany')","timestamp":"2025-03-06T09:25:39.458Z"}
{"level":"error","message":"Failed to fetch curricula: TypeError: Cannot read properties of undefined (reading 'findMany')","timestamp":"2025-03-06T09:30:31.657Z"}
{"level":"error","message":"Failed to retrieve curricula: TypeError: Cannot read properties of undefined (reading 'findMany')","timestamp":"2025-03-06T09:54:26.156Z"}
{"level":"error","message":"Failed to fetch curricula: Error: Curricula retrieval failed: TypeError: Cannot read properties of undefined (reading 'findMany')","timestamp":"2025-03-06T09:54:26.160Z"}
{"level":"error","message":"Failed to retrieve curricula: TypeError: Cannot read properties of undefined (reading 'findMany')","timestamp":"2025-03-06T09:54:31.208Z"}
{"level":"error","message":"Failed to fetch curricula: Error: Curricula retrieval failed: TypeError: Cannot read properties of undefined (reading 'findMany')","timestamp":"2025-03-06T09:54:31.210Z"}
{"level":"error","message":"Failed to retrieve curricula: TypeError: Cannot read properties of undefined (reading 'findMany')","timestamp":"2025-03-06T09:54:56.722Z"}
{"level":"error","message":"Failed to fetch curricula: Error: Curricula retrieval failed: TypeError: Cannot read properties of undefined (reading 'findMany')","timestamp":"2025-03-06T09:54:56.723Z"}
{"level":"error","message":"Failed to retrieve curricula: TypeError: Cannot read properties of undefined (reading 'findMany')","timestamp":"2025-03-06T09:55:16.950Z"}
{"level":"error","message":"Failed to fetch curricula: Error: Curricula retrieval failed: TypeError: Cannot read properties of undefined (reading 'findMany')","timestamp":"2025-03-06T09:55:16.951Z"}
{"level":"error","message":"Failed to retrieve curricula: TypeError: Cannot read properties of undefined (reading 'findMany')","timestamp":"2025-03-06T09:57:07.010Z"}
{"level":"error","message":"Failed to fetch curricula: Error: Curricula retrieval failed: TypeError: Cannot read properties of undefined (reading 'findMany')","timestamp":"2025-03-06T09:57:07.011Z"}
{"level":"error","message":"Failed to retrieve curricula: TypeError: Cannot read properties of undefined (reading 'findMany')","timestamp":"2025-03-06T09:58:37.047Z"}
{"level":"error","message":"Failed to fetch curricula: Error: Curricula retrieval failed: TypeError: Cannot read properties of undefined (reading 'findMany')","timestamp":"2025-03-06T09:58:37.049Z"}
{"level":"error","message":"Failed to retrieve curricula: TypeError: Cannot read properties of undefined (reading 'findMany')","timestamp":"2025-03-06T10:01:47.328Z"}
{"level":"error","message":"Failed to fetch curricula: Error: Curricula retrieval failed: TypeError: Cannot read properties of undefined (reading 'findMany')","timestamp":"2025-03-06T10:01:47.329Z"}
{"level":"error","message":"Failed to retrieve curricula: TypeError: Cannot read properties of undefined (reading 'findMany')","timestamp":"2025-03-06T10:04:32.075Z"}
{"level":"error","message":"Failed to fetch curricula: Error: Curricula retrieval failed: TypeError: Cannot read properties of undefined (reading 'findMany')","timestamp":"2025-03-06T10:04:32.082Z"}
{"level":"error","message":"Failed to retrieve curricula: TypeError: Cannot read properties of undefined (reading 'findMany')","timestamp":"2025-03-06T10:04:42.118Z"}
{"level":"error","message":"Failed to fetch curricula: Error: Curricula retrieval failed: TypeError: Cannot read properties of undefined (reading 'findMany')","timestamp":"2025-03-06T10:04:42.120Z"}
{"level":"error","message":"Failed to retrieve curricula: TypeError: Cannot read properties of undefined (reading 'findMany')","timestamp":"2025-03-06T10:05:02.528Z"}
{"level":"error","message":"Failed to fetch curricula: Error: Curricula retrieval failed: TypeError: Cannot read properties of undefined (reading 'findMany')","timestamp":"2025-03-06T10:05:02.531Z"}
{"level":"error","message":"Failed to retrieve curricula: TypeError: Cannot read properties of undefined (reading 'findMany')","timestamp":"2025-03-06T10:05:15.510Z"}
{"level":"error","message":"Failed to fetch curricula: Error: Curricula retrieval failed: TypeError: Cannot read properties of undefined (reading 'findMany')","timestamp":"2025-03-06T10:05:15.512Z"}
{"level":"error","message":"Failed to retrieve curricula: TypeError: Cannot read properties of undefined (reading 'findMany')","timestamp":"2025-03-06T10:05:20.657Z"}
{"level":"error","message":"Failed to fetch curricula: Error: Curricula retrieval failed: TypeError: Cannot read properties of undefined (reading 'findMany')","timestamp":"2025-03-06T10:05:20.659Z"}
{"level":"error","message":"Failed to retrieve curricula: TypeError: Cannot read properties of undefined (reading 'findMany')","timestamp":"2025-03-06T10:05:30.902Z"}
{"level":"error","message":"Failed to fetch curricula: Error: Curricula retrieval failed: TypeError: Cannot read properties of undefined (reading 'findMany')","timestamp":"2025-03-06T10:05:30.903Z"}
{"level":"error","message":"Failed to retrieve curricula: TypeError: Cannot read properties of undefined (reading 'findMany')","timestamp":"2025-03-06T10:06:25.945Z"}
{"level":"error","message":"Failed to fetch curricula: Error: Curricula retrieval failed: TypeError: Cannot read properties of undefined (reading 'findMany')","timestamp":"2025-03-06T10:06:25.947Z"}
{"level":"error","message":"Failed to retrieve curricula: TypeError: Cannot read properties of undefined (reading 'findMany')","timestamp":"2025-03-06T10:08:06.392Z"}
{"level":"error","message":"Failed to fetch curricula: Error: Curricula retrieval failed: TypeError: Cannot read properties of undefined (reading 'findMany')","timestamp":"2025-03-06T10:08:06.402Z"}
{"level":"error","message":"Failed to retrieve curricula: TypeError: Cannot read properties of undefined (reading 'findMany')","timestamp":"2025-03-06T10:12:01.493Z"}
{"level":"error","message":"Failed to fetch curricula: Error: Curricula retrieval failed: TypeError: Cannot read properties of undefined (reading 'findMany')","timestamp":"2025-03-06T10:12:01.495Z"}
{"level":"error","message":"Failed to retrieve curricula: TypeError: Cannot read properties of undefined (reading 'findMany')","timestamp":"2025-03-06T10:18:06.558Z"}
{"level":"error","message":"Failed to fetch curricula: Error: Curricula retrieval failed: TypeError: Cannot read properties of undefined (reading 'findMany')","timestamp":"2025-03-06T10:18:06.560Z"}
{"level":"error","message":"Failed to retrieve curricula: TypeError: Cannot read properties of undefined (reading 'findMany')","timestamp":"2025-03-06T10:19:25.336Z"}
{"level":"error","message":"Failed to fetch curricula: Error: Curricula retrieval failed: TypeError: Cannot read properties of undefined (reading 'findMany')","timestamp":"2025-03-06T10:19:25.340Z"}
{"level":"error","message":"Failed to retrieve curricula: TypeError: Cannot read properties of undefined (reading 'findMany')","timestamp":"2025-03-06T10:19:35.403Z"}
{"level":"error","message":"Failed to fetch curricula: Error: Curricula retrieval failed: TypeError: Cannot read properties of undefined (reading 'findMany')","timestamp":"2025-03-06T10:19:35.404Z"}
{"level":"error","message":"Failed to retrieve curricula: TypeError: Cannot read properties of undefined (reading 'findMany')","timestamp":"2025-03-06T10:19:50.503Z"}
{"level":"error","message":"Failed to fetch curricula: Error: Curricula retrieval failed: TypeError: Cannot read properties of undefined (reading 'findMany')","timestamp":"2025-03-06T10:19:50.506Z"}
{"level":"error","message":"Failed to retrieve curricula: TypeError: Cannot read properties of undefined (reading 'findMany')","timestamp":"2025-03-06T10:20:25.556Z"}
{"level":"error","message":"Failed to fetch curricula: Error: Curricula retrieval failed: TypeError: Cannot read properties of undefined (reading 'findMany')","timestamp":"2025-03-06T10:20:25.558Z"}
{"level":"error","message":"Failed to retrieve curricula: TypeError: Cannot read properties of undefined (reading 'findMany')","timestamp":"2025-03-06T10:21:25.591Z"}
{"level":"error","message":"Failed to fetch curricula: Error: Curricula retrieval failed: TypeError: Cannot read properties of undefined (reading 'findMany')","timestamp":"2025-03-06T10:21:25.592Z"}
{"level":"error","message":"Failed to retrieve curricula: TypeError: Cannot read properties of undefined (reading 'findMany')","timestamp":"2025-03-06T10:23:15.629Z"}
{"level":"error","message":"Failed to fetch curricula: Error: Curricula retrieval failed: TypeError: Cannot read properties of undefined (reading 'findMany')","timestamp":"2025-03-06T10:23:15.633Z"}
{"level":"error","message":"Failed to retrieve curricula: TypeError: Cannot read properties of undefined (reading 'findMany')","timestamp":"2025-03-06T10:29:10.712Z"}
{"level":"error","message":"Failed to fetch curricula: Error: Curricula retrieval failed: TypeError: Cannot read properties of undefined (reading 'findMany')","timestamp":"2025-03-06T10:29:10.714Z"}
{"level":"error","message":"Failed to retrieve curricula: TypeError: Cannot read properties of undefined (reading 'findMany')","timestamp":"2025-03-06T10:29:39.352Z"}
{"level":"error","message":"Failed to fetch curricula: Error: Curricula retrieval failed: TypeError: Cannot read properties of undefined (reading 'findMany')","timestamp":"2025-03-06T10:29:39.353Z"}
{"level":"error","message":"Failed to fetch schools: Error: Unauthorized","timestamp":"2025-03-06T10:30:05.947Z"}
{"level":"error","message":"Failed to retrieve curricula: TypeError: Cannot read properties of undefined (reading 'findMany')","timestamp":"2025-03-06T10:38:25.832Z"}
{"level":"error","message":"Failed to fetch curricula: Error: Curricula retrieval failed: TypeError: Cannot read properties of undefined (reading 'findMany')","timestamp":"2025-03-06T10:38:25.834Z"}
{"level":"error","message":"Failed to fetch schools: Error: Unauthorized","timestamp":"2025-03-06T10:58:40.707Z"}
{"level":"error","message":"Failed to fetch schools: Error: Unauthorized","timestamp":"2025-03-06T10:59:23.471Z"}
{"level":"error","message":"Failed to fetch schools: Error: Unauthorized","timestamp":"2025-03-06T10:59:29.680Z"}
{"level":"error","message":"Failed to fetch schools: Error: Unauthorized","timestamp":"2025-03-06T11:00:24.399Z"}
{"level":"error","message":"Failed to retrieve curricula: TypeError: Cannot read properties of undefined (reading 'findMany')","timestamp":"2025-03-06T11:03:54.561Z"}
{"level":"error","message":"Failed to fetch schools: Error: Curricula retrieval failed: TypeError: Cannot read properties of undefined (reading 'findMany')","timestamp":"2025-03-06T11:03:54.566Z"}
{"level":"error","message":"Failed to retrieve curricula: TypeError: Cannot read properties of undefined (reading 'findMany')","timestamp":"2025-03-06T11:04:04.632Z"}
{"level":"error","message":"Failed to fetch schools: Error: Curricula retrieval failed: TypeError: Cannot read properties of undefined (reading 'findMany')","timestamp":"2025-03-06T11:04:04.634Z"}
{"level":"error","message":"Failed to retrieve curricula: TypeError: Cannot read properties of undefined (reading 'findMany')","timestamp":"2025-03-06T11:04:14.716Z"}
{"level":"error","message":"Failed to fetch schools: Error: Curricula retrieval failed: TypeError: Cannot read properties of undefined (reading 'findMany')","timestamp":"2025-03-06T11:04:14.717Z"}
{"level":"error","message":"Failed to retrieve curricula: TypeError: Cannot read properties of undefined (reading 'findMany')","timestamp":"2025-03-06T11:04:44.759Z"}
{"level":"error","message":"Failed to fetch schools: Error: Curricula retrieval failed: TypeError: Cannot read properties of undefined (reading 'findMany')","timestamp":"2025-03-06T11:04:44.761Z"}
{"level":"error","message":"Failed to retrieve curricula: TypeError: Cannot read properties of undefined (reading 'findMany')","timestamp":"2025-03-06T11:05:30.066Z"}
{"level":"error","message":"Failed to fetch schools: Error: Curricula retrieval failed: TypeError: Cannot read properties of undefined (reading 'findMany')","timestamp":"2025-03-06T11:05:30.070Z"}
{"level":"error","message":"Failed to retrieve curricula: TypeError: Cannot read properties of undefined (reading 'findMany')","timestamp":"2025-03-06T11:05:40.216Z"}
{"level":"error","message":"Failed to fetch schools: Error: Curricula retrieval failed: TypeError: Cannot read properties of undefined (reading 'findMany')","timestamp":"2025-03-06T11:05:40.219Z"}
{"level":"error","message":"Failed to retrieve curricula: TypeError: Cannot read properties of undefined (reading 'findMany')","timestamp":"2025-03-06T11:05:55.339Z"}
{"level":"error","message":"Failed to fetch schools: Error: Curricula retrieval failed: TypeError: Cannot read properties of undefined (reading 'findMany')","timestamp":"2025-03-06T11:05:55.340Z"}
{"level":"error","message":"Failed to retrieve curricula: TypeError: Cannot read properties of undefined (reading 'findMany')","timestamp":"2025-03-06T11:06:31.031Z"}
{"level":"error","message":"Failed to fetch schools: Error: Curricula retrieval failed: TypeError: Cannot read properties of undefined (reading 'findMany')","timestamp":"2025-03-06T11:06:31.034Z"}
{"level":"error","message":"Failed to retrieve curricula: TypeError: Cannot read properties of undefined (reading 'findMany')","timestamp":"2025-03-06T11:08:21.281Z"}
{"level":"error","message":"Failed to fetch schools: Error: Curricula retrieval failed: TypeError: Cannot read properties of undefined (reading 'findMany')","timestamp":"2025-03-06T11:08:21.282Z"}
{"level":"error","message":"Failed to fetch schools: Error: Unauthorized","timestamp":"2025-03-06T11:19:13.906Z"}
{"level":"error","message":"Failed to fetch schools: Error: Unauthorized","timestamp":"2025-03-06T11:19:23.943Z"}
{"level":"error","message":"Failed to fetch schools: Error: Unauthorized","timestamp":"2025-03-06T11:19:33.992Z"}
{"level":"error","message":"Failed to fetch schools: Error: Unauthorized","timestamp":"2025-03-06T11:20:29.339Z"}
